<?xml version="1.0" encoding="UTF-8"?>
<!-- Generated by org.testng.reporters.JUnitReportReporter -->
<testsuite hostname="LAPTOP-DK6TK74Q" failures="0" tests="1" name="com.orangeHRMopenSource.testscripts.Admin" time="35.659" errors="0" timestamp="2021-03-15T13:03:34 IST" skipped="0">
  <testcase classname="com.orangeHRMopenSource.testscripts.Admin" name="User" time="35.659"/>
  <system-out/>
</testsuite> <!-- com.orangeHRMopenSource.testscripts.Admin -->
